c:\github\opengl-project\cv01\x64\debug\vc142.pdb
c:\github\opengl-project\cv01\x64\debug\vc142.idb
c:\github\opengl-project\cv01\x64\debug\shader.obj
c:\github\opengl-project\cv01\x64\debug\core.obj
c:\github\opengl-project\cv01\x64\debug\renderer.obj
c:\github\opengl-project\cv01\x64\debug\plain.obj
c:\github\opengl-project\cv01\x64\debug\object.obj
c:\github\opengl-project\cv01\x64\debug\mesh.obj
c:\github\opengl-project\cv01\x64\debug\light.obj
c:\github\opengl-project\cv01\x64\debug\camera.obj
c:\github\opengl-project\cv01\x64\debug\application.obj
c:\github\opengl-project\cv01\x64\debug\shaderloader.obj
d:\documents\github\opengl-project\cv01\x64\debug\vc142.pdb
d:\documents\github\opengl-project\cv01\x64\debug\vc142.idb
d:\documents\github\opengl-project\cv01\x64\debug\shader.obj
d:\documents\github\opengl-project\cv01\x64\debug\core.obj
d:\documents\github\opengl-project\cv01\x64\debug\renderer.obj
d:\documents\github\opengl-project\cv01\x64\debug\plain.obj
d:\documents\github\opengl-project\cv01\x64\debug\object.obj
d:\documents\github\opengl-project\cv01\x64\debug\mesh.obj
d:\documents\github\opengl-project\cv01\x64\debug\light.obj
d:\documents\github\opengl-project\cv01\x64\debug\camera.obj
d:\documents\github\opengl-project\cv01\x64\debug\application.obj
d:\documents\github\opengl-project\cv01\x64\debug\shaderloader.obj
c:\github\opengl-project\x64\debug\opengl.application.exe
c:\github\opengl-project\x64\debug\opengl.application.ilk
c:\github\opengl-project\x64\debug\opengl.application.pdb
d:\documents\github\opengl-project\cv01\x64\debug\sphere.obj
d:\documents\github\opengl-project\cv01\x64\debug\application.new.obj.enc
d:\documents\github\opengl-project\cv01\x64\debug\mesh.obj.enc
d:\documents\github\opengl-project\cv01\x64\debug\application.nativecodeanalysis.xml
d:\documents\github\opengl-project\cv01\x64\debug\camera.nativecodeanalysis.xml
d:\documents\github\opengl-project\cv01\x64\debug\core.nativecodeanalysis.xml
d:\documents\github\opengl-project\cv01\x64\debug\light.nativecodeanalysis.xml
d:\documents\github\opengl-project\cv01\x64\debug\mesh.nativecodeanalysis.xml
d:\documents\github\opengl-project\cv01\x64\debug\object.nativecodeanalysis.xml
d:\documents\github\opengl-project\cv01\x64\debug\plain.nativecodeanalysis.xml
d:\documents\github\opengl-project\cv01\x64\debug\renderer.nativecodeanalysis.xml
d:\documents\github\opengl-project\cv01\x64\debug\shader.nativecodeanalysis.xml
d:\documents\github\opengl-project\cv01\x64\debug\sphere.nativecodeanalysis.xml
d:\documents\github\opengl-project\x64\debug\opengl.application.pdb
d:\documents\github\opengl-project\cv01\x64\debug\opengl.a.45b726d4.tlog\cl.command.1.tlog
d:\documents\github\opengl-project\cv01\x64\debug\opengl.a.45b726d4.tlog\cl.read.1.tlog
d:\documents\github\opengl-project\cv01\x64\debug\opengl.a.45b726d4.tlog\cl.write.1.tlog
d:\documents\github\opengl-project\cv01\x64\debug\opengl.a.45b726d4.tlog\link.command.1.tlog
d:\documents\github\opengl-project\cv01\x64\debug\opengl.a.45b726d4.tlog\link.read.1.tlog
d:\documents\github\opengl-project\cv01\x64\debug\opengl.a.45b726d4.tlog\link.write.1.tlog
