d:\documents\github\opengl-project\cv01\x64\debug\vc142.pdb
d:\documents\github\opengl-project\cv01\x64\debug\vc142.idb
d:\documents\github\opengl-project\cv01\x64\debug\sphere.obj
d:\documents\github\opengl-project\cv01\x64\debug\core.obj
d:\documents\github\opengl-project\cv01\x64\debug\shader.obj
d:\documents\github\opengl-project\cv01\x64\debug\renderer.obj
d:\documents\github\opengl-project\cv01\x64\debug\plain.obj
d:\documents\github\opengl-project\cv01\x64\debug\object.obj
d:\documents\github\opengl-project\cv01\x64\debug\mesh.obj
d:\documents\github\opengl-project\cv01\x64\debug\light.obj
d:\documents\github\opengl-project\cv01\x64\debug\camera.obj
d:\documents\github\opengl-project\cv01\x64\debug\application.obj
d:\documents\github\opengl-project\x64\debug\opengl.exe
d:\documents\github\opengl-project\x64\debug\opengl.ilk
d:\documents\github\opengl-project\x64\debug\opengl.pdb
d:\documents\github\opengl-project\cv01\x64\debug\opengl.tlog\cl.command.1.tlog
d:\documents\github\opengl-project\cv01\x64\debug\opengl.tlog\cl.read.1.tlog
d:\documents\github\opengl-project\cv01\x64\debug\opengl.tlog\cl.write.1.tlog
d:\documents\github\opengl-project\cv01\x64\debug\opengl.tlog\link.command.1.tlog
d:\documents\github\opengl-project\cv01\x64\debug\opengl.tlog\link.read.1.tlog
d:\documents\github\opengl-project\cv01\x64\debug\opengl.tlog\link.write.1.tlog
